<?xml version="1.0" encoding="UTF-8"?>
<!-- Generated by org.testng.reporters.JUnitReportReporter -->
<testsuite hostname="LIN76003319" failures="0" tests="2" name="TestCasesSwagLabs.SwagLabsLogin" time="4.777" errors="0" timestamp="2022-09-14T12:32:33 IST" skipped="0">
  <testcase classname="TestCasesSwagLabs.SwagLabsLogin" name="Test2" time="2.627"/>
  <system-out/>
  <testcase classname="TestCasesSwagLabs.SwagLabsLogin" name="Test1" time="2.150"/>
  <system-out/>
</testsuite> <!-- TestCasesSwagLabs.SwagLabsLogin -->
