<?xml version="1.0" encoding="UTF-8"?>
<!-- Generated by org.testng.reporters.JUnitReportReporter -->
<testsuite hostname="LIN76003319" failures="0" tests="1" name="TestCasesSwagLabs.HomeTestLabs" time="1.608" errors="0" timestamp="2022-09-14T13:31:37 IST" skipped="0">
  <testcase classname="TestCasesSwagLabs.HomeTestLabs" name="Test1" time="1.608"/>
  <system-out/>
</testsuite> <!-- TestCasesSwagLabs.HomeTestLabs -->
