<?xml version="1.0" encoding="UTF-8"?>
<!-- Generated by org.testng.reporters.JUnitReportReporter -->
<testsuite hostname="LIN76003319" failures="0" tests="3" name="TestCasesSwagLabs.SwagLabsLogin" time="6.603" errors="0" timestamp="2022-09-14T13:31:37 IST" skipped="0">
  <testcase classname="TestCasesSwagLabs.SwagLabsLogin" name="Test3" time="2.596"/>
  <system-out/>
  <testcase classname="TestCasesSwagLabs.SwagLabsLogin" name="Test1" time="2.054"/>
  <system-out/>
  <testcase classname="TestCasesSwagLabs.SwagLabsLogin" name="Test2" time="1.953"/>
  <system-out/>
</testsuite> <!-- TestCasesSwagLabs.SwagLabsLogin -->
